<?xml version="1.0" encoding="UTF-8"?>
<!-- Generated by org.testng.reporters.JUnitReportReporter -->
<testsuite hostname="DESKTOP-GV66MNG" failures="0" tests="2" name="testclasses.LoginPageTest" time="1.337" errors="0" timestamp="2022-05-08T23:02:00 IST" skipped="0">
  <testcase classname="testclasses.LoginPageTest" name="verifyLogin" time="0.367"/>
  <system-out/>
  <testcase classname="testclasses.LoginPageTest" name="titleValidation" time="0.970"/>
  <system-out/>
</testsuite> <!-- testclasses.LoginPageTest -->
