<?xml version="1.0" encoding="UTF-8"?>
<!-- Generated by org.testng.reporters.JUnitReportReporter -->
<testsuite hostname="DESKTOP-GV66MNG" failures="0" tests="2" name="testclasses.DashBoardTest" time="0.760" errors="0" timestamp="2022-05-08T23:02:00 IST" skipped="0">
  <testcase classname="testclasses.DashBoardTest" name="searchValidation" time="0.469"/>
  <system-out/>
  <testcase classname="testclasses.DashBoardTest" name="buySharesValidation" time="0.291"/>
  <system-out/>
</testsuite> <!-- testclasses.DashBoardTest -->
