<?xml version="1.0" encoding="UTF-8"?>
<!-- Generated by org.testng.reporters.JUnitReportReporter -->
<testsuite hostname="DESKTOP-GV66MNG" failures="0" tests="2" name="testclasses.DashBoardTest" time="0.819" errors="0" timestamp="2022-05-11T09:26:55 IST" skipped="0">
  <testcase classname="testclasses.DashBoardTest" name="searchValidation" time="0.426"/>
  <system-out/>
  <testcase classname="testclasses.DashBoardTest" name="buySharesValidation" time="0.393"/>
  <system-out/>
</testsuite> <!-- testclasses.DashBoardTest -->
